============================= test session starts =============================
platform win32 -- Python 3.11.9, pytest-9.0.2, pluggy-1.6.0
rootdir: D:\Projects\SupportEnv
configfile: pyproject.toml
plugins: anyio-4.13.0, asyncio-1.3.0
asyncio: mode=Mode.STRICT, debug=False, asyncio_default_fixture_loop_scope=None, asyncio_default_test_loop_scope=function
collected 34 items

tests\test_api.py ....F                                                  [ 14%]
tests\test_baseline.py ..                                                [ 20%]
tests\test_concurrency.py .                                              [ 23%]
tests\test_environment.py .................                              [ 73%]
tests\test_graders.py .........                                          [100%]

================================== FAILURES ===================================
___________________________ test_baseline_endpoint ____________________________

    def test_baseline_endpoint():
        """Test the baseline endpoint returns valid results."""
        response = client.post("/baseline", json={"difficulty": "easy", "seed": 42})
        assert response.status_code == 200
        data = response.json()
>       assert "score" in data or "result" in data or "actions" in data
E       AssertionError: assert ('score' in {'baseline_results': {'easy': {'breakdown': {'classification': 1.0, 'efficiency': 0.6, 'escalation_decision': 1.0, 're...efficiency': 0.77, 'escalation_decision': 0.1, 'resolution': 0.3, ...}}, 'easy_score': 0.855, 'hard_score': 0.57, ...}} or 'result' in {'baseline_results': {'easy': {'breakdown': {'classification': 1.0, 'efficiency': 0.6, 'escalation_decision': 1.0, 're...efficiency': 0.77, 'escalation_decision': 0.1, 'resolution': 0.3, ...}}, 'easy_score': 0.855, 'hard_score': 0.57, ...}} or 'actions' in {'baseline_results': {'easy': {'breakdown': {'classification': 1.0, 'efficiency': 0.6, 'escalation_decision': 1.0, 're...efficiency': 0.77, 'escalation_decision': 0.1, 'resolution': 0.3, ...}}, 'easy_score': 0.855, 'hard_score': 0.57, ...}})

tests\test_api.py:64: AssertionError
=========================== short test summary info ===========================
FAILED tests/test_api.py::test_baseline_endpoint - AssertionError: assert ('s...
======================== 1 failed, 33 passed in 8.98s =========================
