============================= test session starts =============================
platform win32 -- Python 3.11.9, pytest-9.0.2, pluggy-1.6.0 -- C:\Users\Admin\AppData\Local\Programs\Python\Python311\python.exe
cachedir: .pytest_cache
rootdir: D:\Projects\SupportEnv
configfile: pyproject.toml
plugins: anyio-4.13.0, asyncio-1.3.0
asyncio: mode=Mode.STRICT, debug=False, asyncio_default_fixture_loop_scope=None, asyncio_default_test_loop_scope=function
collecting ... collected 40 items

tests/test_api.py::test_health_check PASSED                              [  2%]
tests/test_api.py::test_list_tasks PASSED                                [  5%]
tests/test_api.py::test_reset_and_step PASSED                            [  7%]
tests/test_api.py::test_grader_endpoint PASSED                           [ 10%]
tests/test_api.py::test_baseline_endpoint PASSED                         [ 12%]
tests/test_baseline.py::test_baseline_policy PASSED                      [ 15%]
tests/test_baseline.py::test_evaluate_baseline_integration PASSED        [ 17%]
tests/test_concurrency.py::TestConcurrency::test_concurrent_sessions PASSED [ 20%]
tests/test_environment.py::TestEnvironmentBasics::test_reset_returns_observation PASSED [ 22%]
tests/test_environment.py::TestEnvironmentBasics::test_reset_with_seed_is_reproducible PASSED [ 25%]
tests/test_environment.py::TestEnvironmentBasics::test_step_updates_state PASSED [ 27%]
tests/test_environment.py::TestEnvironmentBasics::test_step_returns_reward PASSED [ 30%]
tests/test_environment.py::TestEnvironmentBasics::test_episode_terminates PASSED [ 32%]
tests/test_environment.py::TestEnvironmentBasics::test_max_steps_terminates PASSED [ 35%]
tests/test_environment.py::TestDifficultyLevels::test_difficulty_returns_observation[easy] PASSED [ 37%]
tests/test_environment.py::TestDifficultyLevels::test_difficulty_returns_observation[medium] PASSED [ 40%]
tests/test_environment.py::TestDifficultyLevels::test_difficulty_returns_observation[hard] PASSED [ 42%]
tests/test_environment.py::TestDifficultyLevels::test_hard_tasks_require_escalation PASSED [ 45%]
tests/test_environment.py::TestStateManagement::test_state_property PASSED [ 47%]
tests/test_environment.py::TestStateManagement::test_state_tracks_classification PASSED [ 50%]
tests/test_environment.py::TestStateManagement::test_episode_data PASSED [ 52%]
tests/test_environment.py::TestActions::test_classify_action PASSED      [ 55%]
tests/test_environment.py::TestActions::test_respond_action PASSED       [ 57%]
tests/test_environment.py::TestActions::test_escalate_action PASSED      [ 60%]
tests/test_environment.py::TestActions::test_resolve_action PASSED       [ 62%]
tests/test_environment.py::TestActions::test_lookup_kb_action PASSED     [ 65%]
tests/test_graders.py::TestGraderBasics::test_grade_returns_result PASSED [ 67%]
tests/test_graders.py::TestGraderBasics::test_score_in_range PASSED      [ 70%]
tests/test_graders.py::TestGraderBasics::test_deterministic_scoring PASSED [ 72%]
tests/test_graders.py::TestClassificationGrading::test_correct_classification_scores_high PASSED [ 75%]
tests/test_graders.py::TestClassificationGrading::test_wrong_classification_scores_low PASSED [ 77%]
tests/test_graders.py::TestEscalationGrading::test_correct_escalation PASSED [ 80%]
tests/test_graders.py::TestEscalationGrading::test_unnecessary_escalation PASSED [ 82%]
tests/test_graders.py::TestEfficiencyGrading::test_fast_resolution_scores_high PASSED [ 85%]
tests/test_graders.py::TestEfficiencyGrading::test_slow_resolution_scores_low PASSED [ 87%]
tests/test_graders.py::TestEfficiencyGrading::test_fast_resolution_on_hard_mode_penalized PASSED [ 90%]
tests/test_reward.py::TestRewardEngine::test_basic_rewards PASSED        [ 92%]
tests/test_reward.py::TestRewardEngine::test_confidence_calibration PASSED [ 95%]
tests/test_reward.py::TestRewardEngine::test_kb_lookup FAILED            [ 97%]
tests/test_reward.py::TestRewardEngine::test_sla_breach PASSED           [100%]

================================== FAILURES ===================================
_______________________ TestRewardEngine.test_kb_lookup _______________________

self = <tests.test_reward.TestRewardEngine object at 0x000001DF84B92BD0>

    def test_kb_lookup(self):
        engine = RewardEngine()
    
        # KB lookup on hard
        breakdown_hard = engine.compute_reward(
            action_type="lookup_kb",
            action_content="test",
            target_category="billing",
            requires_escalation=False,
            customer_sentiment=0.0,
            step_count=1,
            max_steps=5,
            is_resolved=False,
            task_difficulty="hard"
        )
>       assert breakdown_hard.total > 0
E       AssertionError: assert 0.0 > 0
E        +  where 0.0 = RewardBreakdown(total=0.0, classification_reward=0.0, response_reward=0.0, escalation_reward=0.0, efficiency_reward=0.0, tone_reward=0.0, penalty=0.0, reason='Appropriate KB usage. ').total

tests\test_reward.py:89: AssertionError
=========================== short test summary info ===========================
FAILED tests/test_reward.py::TestRewardEngine::test_kb_lookup - AssertionErro...
======================== 1 failed, 39 passed in 25.88s ========================
